<?xml version="1.0" encoding="UTF-8"?>
<testsuite xmlns:xsi="http://www.w3.org/2001/XMLSchema-instance" xsi:noNamespaceSchemaLocation="https://maven.apache.org/surefire/maven-surefire-plugin/xsd/surefire-test-report.xsd" name="com.yandex.AccountTest" time="0.562" tests="13" errors="0" skipped="0" failures="0">
  <properties>
[...]
</properties>
  <testcase name="nameShouldBeValidated[0]" classname="com.yandex.AccountTest" time="0.22"/>
  <testcase name="nameShouldBeValidated[1]" classname="com.yandex.AccountTest" time="0.004"/>
  <testcase name="nameShouldBeValidated[2]" classname="com.yandex.AccountTest" time="0.004"/>
  <testcase name="nameShouldBeValidated[3]" classname="com.yandex.AccountTest" time="0.004"/>
  <testcase name="nameShouldBeValidated[4]" classname="com.yandex.AccountTest" time="0.002"/>
  <testcase name="nameShouldBeValidated[5]" classname="com.yandex.AccountTest" time="0.006"/>
  <testcase name="nameShouldBeValidated[6]" classname="com.yandex.AccountTest" time="0.003"/>
  <testcase name="nameShouldBeValidated[7]" classname="com.yandex.AccountTest" time="0.005"/>
  <testcase name="nameShouldBeValidated[8]" classname="com.yandex.AccountTest" time="0.002"/>
  <testcase name="nameShouldBeValidated[9]" classname="com.yandex.AccountTest" time="0.003"/>
  <testcase name="nameShouldBeValidated[10]" classname="com.yandex.AccountTest" time="0.003"/>
  <testcase name="nameShouldBeValidated[11]" classname="com.yandex.AccountTest" time="0.003"/>
  <testcase name="nameShouldBeValidated[12]" classname="com.yandex.AccountTest" time="0.003"/>
</testsuite>